#
# An unexpected error has occurred (11)
#
Stack:
/lib/x86_64-linux-gnu/libc.so.6(+0x42520) [0x7f73fa21a520]
/tools/Xilinx/Vivado/2022.2/lib/lnx64.o/librdi_synth.so(UConst::isFixed(int*) const+0) [0x7f73c84631e0]
/tools/Xilinx/Vivado/2022.2/lib/lnx64.o/librdi_synth.so(HARTHOptPrepDsp::normalizeDspOperIn(DFNode*)+0x1ad) [0x7f73c6d7cefd]
/tools/Xilinx/Vivado/2022.2/lib/lnx64.o/librdi_synth.so(DFPin::travelTopDownIter(DFGraphTraverseFuncVoid&, UFlags<Option>, UHashList<DFEdge*, DFEdge*, UEKey<DFEdge*>, UHashListNode<DFEdge*>, DFEdge*>*, DFGraph*)+0x580) [0x7f73c8256040]
/tools/Xilinx/Vivado/2022.2/lib/lnx64.o/librdi_synth.so(DFGraph::traverseTopDown(DFGraphTraverseFuncVoid&, UFlags<Option>, UHashList<DFEdge*, DFEdge*, UEKey<DFEdge*>, UHashListNode<DFEdge*>, DFEdge*>*, DFGraph*)+0xb9) [0x7f73c823be79]
/tools/Xilinx/Vivado/2022.2/lib/lnx64.o/librdi_synth.so(DFGraph::traverseTopDown(void (*)(DFNode*), UFlags<Option>, UHashList<DFEdge*, DFEdge*, UEKey<DFEdge*>, UHashListNode<DFEdge*>, DFEdge*>*, DFGraph*)+0x20) [0x7f73c823bfa0]
/tools/Xilinx/Vivado/2022.2/lib/lnx64.o/librdi_synth.so(HARTHOptPost::topDownPass(void (*)(DFNode*), std::__cxx11::basic_string<char, std::char_traits<char>, std::allocator<char> >, bool)+0x1e) [0x7f73c6d5606e]
/tools/Xilinx/Vivado/2022.2/lib/lnx64.o/librdi_synth.so(HARTHOptPost::prepDsps()+0xf1b) [0x7f73c6d574cb]
/tools/Xilinx/Vivado/2022.2/lib/lnx64.o/librdi_synth.so(HARTHOptPost::optimize()+0x1c80) [0x7f73c6d5a8a0]
/tools/Xilinx/Vivado/2022.2/lib/lnx64.o/librdi_synth.so(HARTHOptDfg::optimizePass2()+0xcdcf) [0x7f73c75174df]
/tools/Xilinx/Vivado/2022.2/lib/lnx64.o/librdi_synth.so(HARTNDb::optimizeAndMap()+0x1078) [0x7f73c6e9f618]
/tools/Xilinx/Vivado/2022.2/lib/lnx64.o/librdi_synth.so(HARTNDb::map()+0x1b) [0x7f73c6e9ff6b]
/tools/Xilinx/Vivado/2022.2/lib/lnx64.o/librdi_synth.so(+0x146a6d3) [0x7f73c71016d3]
/tools/Xilinx/Vivado/2022.2/lib/lnx64.o/librdi_synth.so(+0x12ebde5) [0x7f73c6f82de5]
/tools/Xilinx/Vivado/2022.2/lib/lnx64.o/libtcl8.5.so(+0x3356f) [0x7f73f503356f]
/tools/Xilinx/Vivado/2022.2/lib/lnx64.o/libtcl8.5.so(+0x34bf8) [0x7f73f5034bf8]
/tools/Xilinx/Vivado/2022.2/lib/lnx64.o/libtcl8.5.so(Tcl_EvalEx+0x13) [0x7f73f5035163]
/tools/Xilinx/Vivado/2022.2/lib/lnx64.o/libtcl8.5.so(TclEvalObjEx+0x1e0) [0x7f73f5035380]
/tools/Xilinx/Vivado/2022.2/lib/lnx64.o/libtcl8.5.so(+0x3b445) [0x7f73f503b445]
/tools/Xilinx/Vivado/2022.2/lib/lnx64.o/libtcl8.5.so(+0x3356f) [0x7f73f503356f]
/tools/Xilinx/Vivado/2022.2/lib/lnx64.o/libtcl8.5.so(+0x76945) [0x7f73f5076945]
/tools/Xilinx/Vivado/2022.2/lib/lnx64.o/libtcl8.5.so(+0x7e0f9) [0x7f73f507e0f9]
/tools/Xilinx/Vivado/2022.2/lib/lnx64.o/libtcl8.5.so(TclEvalObjEx+0x76) [0x7f73f5035216]
/tools/Xilinx/Vivado/2022.2/lib/lnx64.o/librdi_commontasks.so(+0x259951) [0x7f73ee42d951]
/tools/Xilinx/Vivado/2022.2/lib/lnx64.o/libtcl8.5.so(+0x3356f) [0x7f73f503356f]
/tools/Xilinx/Vivado/2022.2/lib/lnx64.o/libtcl8.5.so(+0x76945) [0x7f73f5076945]
/tools/Xilinx/Vivado/2022.2/lib/lnx64.o/libtcl8.5.so(TclObjInterpProcCore+0x420) [0x7f73f50b7ed0]
/tools/Xilinx/Vivado/2022.2/lib/lnx64.o/libtcl8.5.so(+0x3356f) [0x7f73f503356f]
/tools/Xilinx/Vivado/2022.2/lib/lnx64.o/libtcl8.5.so(+0x76945) [0x7f73f5076945]
/tools/Xilinx/Vivado/2022.2/lib/lnx64.o/libtcl8.5.so(+0x7e0f9) [0x7f73f507e0f9]
/tools/Xilinx/Vivado/2022.2/lib/lnx64.o/libtcl8.5.so(TclEvalObjEx+0x76) [0x7f73f5035216]
/tools/Xilinx/Vivado/2022.2/lib/lnx64.o/librdi_commontasks.so(+0x259951) [0x7f73ee42d951]
/tools/Xilinx/Vivado/2022.2/lib/lnx64.o/libtcl8.5.so(+0x3356f) [0x7f73f503356f]
/tools/Xilinx/Vivado/2022.2/lib/lnx64.o/libtcl8.5.so(+0x76945) [0x7f73f5076945]
/tools/Xilinx/Vivado/2022.2/lib/lnx64.o/libtcl8.5.so(Tcl_ExprObj+0xf8) [0x7f73f507dcd8]
/tools/Xilinx/Vivado/2022.2/lib/lnx64.o/libtcl8.5.so(Tcl_ExprBooleanObj+0x16) [0x7f73f5033f56]
/tools/Xilinx/Vivado/2022.2/lib/lnx64.o/libtcl8.5.so(+0x3e7ae) [0x7f73f503e7ae]
/tools/Xilinx/Vivado/2022.2/lib/lnx64.o/libtcl8.5.so(+0x3356f) [0x7f73f503356f]
/tools/Xilinx/Vivado/2022.2/lib/lnx64.o/libtcl8.5.so(+0x34bf8) [0x7f73f5034bf8]
/tools/Xilinx/Vivado/2022.2/lib/lnx64.o/libtcl8.5.so(Tcl_EvalEx+0x13) [0x7f73f5035163]
/tools/Xilinx/Vivado/2022.2/lib/lnx64.o/libtcl8.5.so(Tcl_FSEvalFileEx+0x1da) [0x7f73f5099d2a]
/tools/Xilinx/Vivado/2022.2/lib/lnx64.o/librdi_commontasks.so(+0x2752c0) [0x7f73ee4492c0]
/tools/Xilinx/Vivado/2022.2/lib/lnx64.o/librdi_common.so(+0xb9430f) [0x7f73fb7ec30f]
/tools/Xilinx/Vivado/2022.2/lib/lnx64.o/libtcl8.5.so(+0x3356f) [0x7f73f503356f]
/tools/Xilinx/Vivado/2022.2/lib/lnx64.o/libtcl8.5.so(+0x76945) [0x7f73f5076945]
/tools/Xilinx/Vivado/2022.2/lib/lnx64.o/libtcl8.5.so(+0x7e0f9) [0x7f73f507e0f9]
/tools/Xilinx/Vivado/2022.2/lib/lnx64.o/libtcl8.5.so(TclEvalObjEx+0x76) [0x7f73f5035216]
/tools/Xilinx/Vivado/2022.2/lib/lnx64.o/libtcl8.5.so(+0xb7637) [0x7f73f50b7637]
/tools/Xilinx/Vivado/2022.2/lib/lnx64.o/libtcl8.5.so(+0x3356f) [0x7f73f503356f]
/tools/Xilinx/Vivado/2022.2/lib/lnx64.o/libtcl8.5.so(+0x76945) [0x7f73f5076945]
/tools/Xilinx/Vivado/2022.2/lib/lnx64.o/libtcl8.5.so(+0x7e0f9) [0x7f73f507e0f9]
/tools/Xilinx/Vivado/2022.2/lib/lnx64.o/libtcl8.5.so(TclEvalObjEx+0x76) [0x7f73f5035216]
/tools/Xilinx/Vivado/2022.2/lib/lnx64.o/librdi_commontasks.so(+0x2598ae) [0x7f73ee42d8ae]
/tools/Xilinx/Vivado/2022.2/lib/lnx64.o/libtcl8.5.so(+0x3356f) [0x7f73f503356f]
/tools/Xilinx/Vivado/2022.2/lib/lnx64.o/libtcl8.5.so(+0x34bf8) [0x7f73f5034bf8]
/tools/Xilinx/Vivado/2022.2/lib/lnx64.o/libtcl8.5.so(+0xad566) [0x7f73f50ad566]
/tools/Xilinx/Vivado/2022.2/lib/lnx64.o/libtcl8.5.so(+0x34785) [0x7f73f5034785]
/tools/Xilinx/Vivado/2022.2/lib/lnx64.o/libtcl8.5.so(Tcl_EvalEx+0x13) [0x7f73f5035163]
/tools/Xilinx/Vivado/2022.2/lib/lnx64.o/libtcl8.5.so(Tcl_FSEvalFileEx+0x1da) [0x7f73f5099d2a]
/tools/Xilinx/Vivado/2022.2/lib/lnx64.o/librdi_commontasks.so(+0x2752c0) [0x7f73ee4492c0]
/tools/Xilinx/Vivado/2022.2/lib/lnx64.o/librdi_common.so(+0xb9430f) [0x7f73fb7ec30f]
/tools/Xilinx/Vivado/2022.2/lib/lnx64.o/libtcl8.5.so(+0x3356f) [0x7f73f503356f]
/tools/Xilinx/Vivado/2022.2/lib/lnx64.o/libtcl8.5.so(Tcl_EvalObjv+0x32) [0x7f73f50336a2]
/tools/Xilinx/Vivado/2022.2/lib/lnx64.o/libtcl8.5.so(TclEvalObjEx+0x322) [0x7f73f50354c2]
/tools/Xilinx/Vivado/2022.2/lib/lnx64.o/librdi_common.so(hdi::tcltasks::task_manager::eval_in_tcl(Tcl_Interp*, Tcl_Obj*, char const*, bool)+0x7ad) [0x7f73fb7ea6fd]
/tools/Xilinx/Vivado/2022.2/lib/lnx64.o/librdi_designutils.so(HRTInvoker::inProcessLaunch(HDGUIStatus&)+0x310) [0x7f73e4460590]
/tools/Xilinx/Vivado/2022.2/lib/lnx64.o/librdi_designutils.so(HRTInvoker::launch(HDGUIStatus&)+0x33) [0x7f73e4460b43]
/tools/Xilinx/Vivado/2022.2/lib/lnx64.o/librdi_vivadotasks.so(+0x6c7bc6) [0x7f73bf5acbc6]
/tools/Xilinx/Vivado/2022.2/lib/lnx64.o/librdi_vivadotasks.so(+0x6d0622) [0x7f73bf5b5622]
/tools/Xilinx/Vivado/2022.2/lib/lnx64.o/librdi_common.so(+0xb9430f) [0x7f73fb7ec30f]
/tools/Xilinx/Vivado/2022.2/lib/lnx64.o/libtcl8.5.so(+0x3356f) [0x7f73f503356f]
/tools/Xilinx/Vivado/2022.2/lib/lnx64.o/libtcl8.5.so(+0x34bf8) [0x7f73f5034bf8]
/tools/Xilinx/Vivado/2022.2/lib/lnx64.o/libtcl8.5.so(Tcl_EvalEx+0x13) [0x7f73f5035163]
/tools/Xilinx/Vivado/2022.2/lib/lnx64.o/libtcl8.5.so(Tcl_FSEvalFileEx+0x1da) [0x7f73f5099d2a]
/tools/Xilinx/Vivado/2022.2/lib/lnx64.o/librdi_commontasks.so(+0x2752c0) [0x7f73ee4492c0]
/tools/Xilinx/Vivado/2022.2/lib/lnx64.o/librdi_common.so(+0xb9430f) [0x7f73fb7ec30f]
/tools/Xilinx/Vivado/2022.2/lib/lnx64.o/libtcl8.5.so(+0x3356f) [0x7f73f503356f]
/tools/Xilinx/Vivado/2022.2/lib/lnx64.o/libtcl8.5.so(Tcl_EvalObjv+0x32) [0x7f73f50336a2]
/tools/Xilinx/Vivado/2022.2/lib/lnx64.o/libtcl8.5.so(TclEvalObjEx+0x322) [0x7f73f50354c2]
/tools/Xilinx/Vivado/2022.2/lib/lnx64.o/librdi_commontasks.so(+0x2bb7f8) [0x7f73ee48f7f8]
/tools/Xilinx/Vivado/2022.2/lib/lnx64.o/librdi_commontasks.so(+0x2bcdff) [0x7f73ee490dff]
/tools/Xilinx/Vivado/2022.2/lib/lnx64.o/librdi_common.so(+0xb9430f) [0x7f73fb7ec30f]
/tools/Xilinx/Vivado/2022.2/lib/lnx64.o/libtcl8.5.so(+0x3356f) [0x7f73f503356f]
/tools/Xilinx/Vivado/2022.2/lib/lnx64.o/libtcl8.5.so(Tcl_EvalObjv+0x32) [0x7f73f50336a2]
/tools/Xilinx/Vivado/2022.2/lib/lnx64.o/libtcl8.5.so(TclEvalObjEx+0x322) [0x7f73f50354c2]
/tools/Xilinx/Vivado/2022.2/lib/lnx64.o/librdi_commonmain.so(+0xc3d8) [0x7f73fc3d03d8]
/tools/Xilinx/Vivado/2022.2/lib/lnx64.o/libtcl8.5.so(Tcl_Main+0x1d0) [0x7f73f50a02f0]
/tools/Xilinx/Vivado/2022.2/lib/lnx64.o/librdi_common.so(+0xbc17ab) [0x7f73fb8197ab]
/lib/x86_64-linux-gnu/libc.so.6(+0x94b43) [0x7f73fa26cb43]
/lib/x86_64-linux-gnu/libc.so.6(+0x126a00) [0x7f73fa2fea00]
