#
# An unexpected error has occurred (11)
#
Stack:
/lib/x86_64-linux-gnu/libc.so.6(+0x42520) [0x7ff0d141a520]
/tools/Xilinx/Vivado/2022.2/lib/lnx64.o/librdi_common.so(std::_Hashtable<hdi::tcltasks::detail::collection_wrapper_base const*, std::pair<hdi::tcltasks::detail::collection_wrapper_base const* const, Tcl_Obj*>, std::allocator<std::pair<hdi::tcltasks::detail::collection_wrapper_base const* const, Tcl_Obj*> >, std::__detail::_Select1st, std::equal_to<hdi::tcltasks::detail::collection_wrapper_base const*>, boost::hash<hdi::tcltasks::detail::collection_wrapper_base const*>, std::__detail::_Mod_range_hashing, std::__detail::_Default_ranged_hash, std::__detail::_Prime_rehash_policy, std::__detail::_Hashtable_traits<true, false, false> >::equal_range(hdi::tcltasks::detail::collection_wrapper_base const* const&)+0x2f) [0x7ff0d29e066f]
/tools/Xilinx/Vivado/2022.2/lib/lnx64.o/librdi_common.so(hdi::tcltasks::detail::collection_wrapper_base::~collection_wrapper_base()+0xbb) [0x7ff0d29dfa4b]
/tools/Xilinx/Vivado/2022.2/lib/lnx64.o/librdi_common.so(+0x8d200a) [0x7ff0d272a00a]
/tools/Xilinx/Vivado/2022.2/lib/lnx64.o/librdi_common.so(hdi::tcltasks::detail::collection_wrapper_base::decr_ref() const+0x23) [0x7ff0d29dea73]
/tools/Xilinx/Vivado/2022.2/lib/lnx64.o/librdi_tcltasks.so(+0x10d9cb0) [0x7ff0c2301cb0]
/tools/Xilinx/Vivado/2022.2/lib/lnx64.o/librdi_tcltasks.so(+0x142c5f5) [0x7ff0c26545f5]
/tools/Xilinx/Vivado/2022.2/lib/lnx64.o/librdi_tcltasks.so(+0x142c669) [0x7ff0c2654669]
/tools/Xilinx/Vivado/2022.2/lib/lnx64.o/libboost_program_options.so(boost::program_options::option_description::~option_description()+0xb9) [0x7ff0cfe42499]
/tools/Xilinx/Vivado/2022.2/lib/lnx64.o/libboost_program_options.so(boost::program_options::option_description::~option_description()+0x9) [0x7ff0cfe424d9]
/tools/Xilinx/Vivado/2022.2/lib/lnx64.o/librdi_common.so(hdi::tcltasks::options_description::~options_description()+0x11c) [0x7ff0d29efa2c]
/lib/x86_64-linux-gnu/libc.so.6(+0x45495) [0x7ff0d141d495]
/lib/x86_64-linux-gnu/libc.so.6(on_exit+0) [0x7ff0d141d610]
/tools/Xilinx/Vivado/2022.2/lib/lnx64.o/librdi_synth.so(HARTSInfo::periodicalDetect()+0xe5) [0x7ff09ec2c7e5]
/tools/Xilinx/Vivado/2022.2/lib/lnx64.o/Default/libstdc++.so.6(+0xbadff) [0x7ff0d1abadff]
/lib/x86_64-linux-gnu/libc.so.6(+0x94b43) [0x7ff0d146cb43]
/lib/x86_64-linux-gnu/libc.so.6(+0x126a00) [0x7ff0d14fea00]
